{"/Users/jeffhampton/dev/autodiscover-cloudflare-worker/src/autoconfig.ts": {"path":"/Users/jeffhampton/dev/autodiscover-cloudflare-worker/src/autoconfig.ts","statementMap":{"0":{"start":{"line":2,"column":0},"end":{"line":2,"column":55}},"1":{"start":{"line":3,"column":0},"end":{"line":3,"column":33}},"2":{"start":{"line":6,"column":0},"end":{"line":17,"column":null}},"3":{"start":{"line":6,"column":47},"end":{"line":17,"column":1}},"4":{"start":{"line":7,"column":27},"end":{"line":7,"column":59}},"5":{"start":{"line":8,"column":17},"end":{"line":10,"column":4}},"6":{"start":{"line":12,"column":2},"end":{"line":16,"column":null}}},"fnMap":{"0":{"name":"(anonymous_1)","decl":{"start":{"line":6,"column":15},"end":{"line":6,"column":16}},"loc":{"start":{"line":6,"column":47},"end":{"line":17,"column":1}}},"1":{"name":"(anonymous_2)","decl":{"start":{"line":6,"column":47},"end":{"line":6,"column":52}},"loc":{"start":{"line":6,"column":77},"end":{"line":17,"column":1}}}},"branchMap":{},"s":{"0":1,"1":1,"2":1,"3":1,"4":1,"5":1,"6":1},"f":{"0":1,"1":1},"b":{}}
,"/Users/jeffhampton/dev/autodiscover-cloudflare-worker/src/autodiscover.ts": {"path":"/Users/jeffhampton/dev/autodiscover-cloudflare-worker/src/autodiscover.ts","statementMap":{"0":{"start":{"line":2,"column":0},"end":{"line":2,"column":59}},"1":{"start":{"line":3,"column":0},"end":{"line":3,"column":33}},"2":{"start":{"line":6,"column":0},"end":{"line":52,"column":null}},"3":{"start":{"line":7,"column":2},"end":{"line":52,"column":3}},"4":{"start":{"line":8,"column":34},"end":{"line":11,"column":43}},"5":{"start":{"line":12,"column":31},"end":{"line":12,"column":79}},"6":{"start":{"line":16,"column":4},"end":{"line":27,"column":null}},"7":{"start":{"line":17,"column":6},"end":{"line":17,"column":null}},"8":{"start":{"line":18,"column":6},"end":{"line":18,"column":null}},"9":{"start":{"line":19,"column":6},"end":{"line":19,"column":null}},"10":{"start":{"line":20,"column":11},"end":{"line":27,"column":null}},"11":{"start":{"line":21,"column":6},"end":{"line":21,"column":null}},"12":{"start":{"line":22,"column":6},"end":{"line":22,"column":null}},"13":{"start":{"line":24,"column":6},"end":{"line":24,"column":null}},"14":{"start":{"line":25,"column":6},"end":{"line":25,"column":null}},"15":{"start":{"line":26,"column":6},"end":{"line":26,"column":null}},"16":{"start":{"line":30,"column":6},"end":{"line":30,"column":76}},"17":{"start":{"line":32,"column":6},"end":{"line":32,"column":74}},"18":{"start":{"line":34,"column":6},"end":{"line":34,"column":72}},"19":{"start":{"line":36,"column":29},"end":{"line":36,"column":63}},"20":{"start":{"line":37,"column":19},"end":{"line":46,"column":null}},"21":{"start":{"line":47,"column":19},"end":{"line":47,"column":43}},"22":{"start":{"line":49,"column":4},"end":{"line":51,"column":null}}},"fnMap":{"0":{"name":"(anonymous_1)","decl":{"start":{"line":6,"column":15},"end":{"line":6,"column":16}},"loc":{"start":{"line":7,"column":2},"end":{"line":52,"column":3}}},"1":{"name":"(anonymous_2)","decl":{"start":{"line":7,"column":2},"end":{"line":7,"column":7}},"loc":{"start":{"line":7,"column":44},"end":{"line":52,"column":3}}}},"branchMap":{"0":{"loc":{"start":{"line":10,"column":8},"end":{"line":10,"column":68}},"type":"cond-expr","locations":[{"start":{"line":10,"column":8},"end":{"line":10,"column":68}},{"start":{"line":11,"column":8},"end":{"line":11,"column":43}}]},"1":{"loc":{"start":{"line":16,"column":4},"end":{"line":27,"column":null}},"type":"if","locations":[{"start":{"line":16,"column":4},"end":{"line":27,"column":null}},{"start":{"line":16,"column":4},"end":{"line":27,"column":null}}]},"2":{"loc":{"start":{"line":20,"column":11},"end":{"line":27,"column":null}},"type":"if","locations":[{"start":{"line":20,"column":11},"end":{"line":27,"column":null}},{"start":{"line":20,"column":11},"end":{"line":27,"column":null}}]},"3":{"loc":{"start":{"line":30,"column":46},"end":{"line":30,"column":51}},"type":"cond-expr","locations":[{"start":{"line":30,"column":46},"end":{"line":30,"column":51}},{"start":{"line":30,"column":54},"end":{"line":30,"column":76}}]},"4":{"loc":{"start":{"line":32,"column":45},"end":{"line":32,"column":50}},"type":"cond-expr","locations":[{"start":{"line":32,"column":45},"end":{"line":32,"column":50}},{"start":{"line":32,"column":53},"end":{"line":32,"column":74}}]},"5":{"loc":{"start":{"line":34,"column":44},"end":{"line":34,"column":49}},"type":"cond-expr","locations":[{"start":{"line":34,"column":44},"end":{"line":34,"column":49}},{"start":{"line":34,"column":52},"end":{"line":34,"column":72}}]}},"s":{"0":1,"1":1,"2":1,"3":1,"4":12,"5":12,"6":12,"7":0,"8":0,"9":0,"10":12,"11":12,"12":12,"13":0,"14":0,"15":0,"16":12,"17":12,"18":12,"19":12,"20":12,"21":12,"22":12},"f":{"0":1,"1":12},"b":{"0":[4,8],"1":[0,12],"2":[12,0],"3":[0,12],"4":[0,12],"5":[0,12]}}
,"/Users/jeffhampton/dev/autodiscover-cloudflare-worker/src/handler.ts": {"path":"/Users/jeffhampton/dev/autodiscover-cloudflare-worker/src/handler.ts","statementMap":{"0":{"start":{"line":1,"column":0},"end":{"line":1,"column":64}},"1":{"start":{"line":2,"column":0},"end":{"line":2,"column":49}},"2":{"start":{"line":3,"column":0},"end":{"line":3,"column":41}},"3":{"start":{"line":4,"column":0},"end":{"line":4,"column":41}},"4":{"start":{"line":5,"column":0},"end":{"line":5,"column":37}},"5":{"start":{"line":6,"column":0},"end":{"line":6,"column":33}},"6":{"start":{"line":8,"column":15},"end":{"line":8,"column":27}},"7":{"start":{"line":11,"column":30},"end":{"line":11,"column":67}},"8":{"start":{"line":14,"column":0},"end":{"line":14,"column":null}},"9":{"start":{"line":15,"column":0},"end":{"line":15,"column":null}},"10":{"start":{"line":16,"column":0},"end":{"line":16,"column":null}},"11":{"start":{"line":17,"column":0},"end":{"line":17,"column":null}},"12":{"start":{"line":20,"column":0},"end":{"line":20,"column":null}},"13":{"start":{"line":23,"column":0},"end":{"line":23,"column":null}},"14":{"start":{"line":25,"column":0},"end":{"line":33,"column":null}},"15":{"start":{"line":26,"column":23},"end":{"line":26,"column":43}},"16":{"start":{"line":27,"column":40},"end":{"line":27,"column":88}},"17":{"start":{"line":28,"column":2},"end":{"line":32,"column":null}},"18":{"start":{"line":29,"column":4},"end":{"line":29,"column":null}},"19":{"start":{"line":31,"column":4},"end":{"line":31,"column":null}}},"fnMap":{"0":{"name":"(anonymous_1)","decl":{"start":{"line":25,"column":15},"end":{"line":25,"column":16}},"loc":{"start":{"line":25,"column":36},"end":{"line":33,"column":1}}}},"branchMap":{"0":{"loc":{"start":{"line":28,"column":2},"end":{"line":32,"column":null}},"type":"if","locations":[{"start":{"line":28,"column":2},"end":{"line":32,"column":null}},{"start":{"line":28,"column":2},"end":{"line":32,"column":null}}]}},"s":{"0":1,"1":1,"2":1,"3":1,"4":1,"5":1,"6":1,"7":1,"8":1,"9":1,"10":1,"11":1,"12":1,"13":1,"14":1,"15":15,"16":15,"17":15,"18":14,"19":1},"f":{"0":15},"b":{"0":[14,1]}}
,"/Users/jeffhampton/dev/autodiscover-cloudflare-worker/src/index.ts": {"path":"/Users/jeffhampton/dev/autodiscover-cloudflare-worker/src/index.ts","statementMap":{"0":{"start":{"line":1,"column":0},"end":{"line":1,"column":31}},"1":{"start":{"line":4,"column":0},"end":{"line":6,"column":null}},"2":{"start":{"line":5,"column":2},"end":{"line":5,"column":null}}},"fnMap":{"0":{"name":"(anonymous_1)","decl":{"start":{"line":4,"column":26},"end":{"line":4,"column":27}},"loc":{"start":{"line":4,"column":36},"end":{"line":6,"column":1}}}},"branchMap":{},"s":{"0":0,"1":0,"2":0},"f":{"0":0},"b":{}}
,"/Users/jeffhampton/dev/autodiscover-cloudflare-worker/src/mobileconfig.ts": {"path":"/Users/jeffhampton/dev/autodiscover-cloudflare-worker/src/mobileconfig.ts","statementMap":{"0":{"start":{"line":2,"column":0},"end":{"line":2,"column":59}},"1":{"start":{"line":3,"column":0},"end":{"line":3,"column":33}},"2":{"start":{"line":6,"column":27},"end":{"line":19,"column":1}},"3":{"start":{"line":7,"column":2},"end":{"line":7,"column":null}},"4":{"start":{"line":8,"column":2},"end":{"line":8,"column":null}},"5":{"start":{"line":9,"column":16},"end":{"line":9,"column":63}},"6":{"start":{"line":10,"column":14},"end":{"line":10,"column":29}},"7":{"start":{"line":12,"column":2},"end":{"line":16,"column":null}},"8":{"start":{"line":12,"column":16},"end":{"line":12,"column":null}},"9":{"start":{"line":13,"column":7},"end":{"line":16,"column":null}},"10":{"start":{"line":13,"column":24},"end":{"line":13,"column":null}},"11":{"start":{"line":14,"column":7},"end":{"line":16,"column":null}},"12":{"start":{"line":15,"column":4},"end":{"line":15,"column":null}},"13":{"start":{"line":18,"column":2},"end":{"line":18,"column":null}},"14":{"start":{"line":22,"column":0},"end":{"line":79,"column":null}},"15":{"start":{"line":23,"column":2},"end":{"line":79,"column":3}},"16":{"start":{"line":24,"column":23},"end":{"line":24,"column":67}},"17":{"start":{"line":27,"column":4},"end":{"line":29,"column":null}},"18":{"start":{"line":28,"column":6},"end":{"line":28,"column":null}},"19":{"start":{"line":32,"column":4},"end":{"line":40,"column":null}},"20":{"start":{"line":33,"column":6},"end":{"line":33,"column":null}},"21":{"start":{"line":34,"column":6},"end":{"line":34,"column":null}},"22":{"start":{"line":35,"column":6},"end":{"line":35,"column":null}},"23":{"start":{"line":37,"column":6},"end":{"line":37,"column":null}},"24":{"start":{"line":38,"column":6},"end":{"line":38,"column":null}},"25":{"start":{"line":39,"column":6},"end":{"line":39,"column":null}},"26":{"start":{"line":42,"column":39},"end":{"line":42,"column":63}},"27":{"start":{"line":45,"column":6},"end":{"line":47,"column":17}},"28":{"start":{"line":49,"column":6},"end":{"line":51,"column":17}},"29":{"start":{"line":53,"column":6},"end":{"line":55,"column":17}},"30":{"start":{"line":57,"column":6},"end":{"line":59,"column":17}},"31":{"start":{"line":61,"column":29},"end":{"line":61,"column":63}},"32":{"start":{"line":62,"column":19},"end":{"line":71,"column":6}},"33":{"start":{"line":73,"column":4},"end":{"line":78,"column":null}}},"fnMap":{"0":{"name":"(anonymous_1)","decl":{"start":{"line":6,"column":27},"end":{"line":6,"column":28}},"loc":{"start":{"line":6,"column":57},"end":{"line":19,"column":1}}},"1":{"name":"(anonymous_2)","decl":{"start":{"line":22,"column":15},"end":{"line":22,"column":16}},"loc":{"start":{"line":23,"column":2},"end":{"line":79,"column":3}}},"2":{"name":"(anonymous_3)","decl":{"start":{"line":23,"column":2},"end":{"line":23,"column":7}},"loc":{"start":{"line":23,"column":44},"end":{"line":79,"column":3}}}},"branchMap":{"0":{"loc":{"start":{"line":12,"column":2},"end":{"line":16,"column":null}},"type":"if","locations":[{"start":{"line":12,"column":2},"end":{"line":16,"column":null}},{"start":{"line":12,"column":2},"end":{"line":16,"column":null}}]},"1":{"loc":{"start":{"line":13,"column":7},"end":{"line":16,"column":null}},"type":"if","locations":[{"start":{"line":13,"column":7},"end":{"line":16,"column":null}},{"start":{"line":13,"column":7},"end":{"line":16,"column":null}}]},"2":{"loc":{"start":{"line":14,"column":7},"end":{"line":16,"column":null}},"type":"if","locations":[{"start":{"line":14,"column":7},"end":{"line":16,"column":null}},{"start":{"line":14,"column":7},"end":{"line":16,"column":null}}]},"3":{"loc":{"start":{"line":24,"column":23},"end":{"line":24,"column":59}},"type":"binary-expr","locations":[{"start":{"line":24,"column":23},"end":{"line":24,"column":59}},{"start":{"line":24,"column":63},"end":{"line":24,"column":67}}]},"4":{"loc":{"start":{"line":27,"column":4},"end":{"line":29,"column":null}},"type":"if","locations":[{"start":{"line":27,"column":4},"end":{"line":29,"column":null}},{"start":{"line":27,"column":4},"end":{"line":29,"column":null}}]},"5":{"loc":{"start":{"line":32,"column":4},"end":{"line":40,"column":null}},"type":"if","locations":[{"start":{"line":32,"column":4},"end":{"line":40,"column":null}},{"start":{"line":32,"column":4},"end":{"line":40,"column":null}}]},"6":{"loc":{"start":{"line":46,"column":10},"end":{"line":46,"column":16}},"type":"cond-expr","locations":[{"start":{"line":46,"column":10},"end":{"line":46,"column":16}},{"start":{"line":47,"column":10},"end":{"line":47,"column":17}}]},"7":{"loc":{"start":{"line":45,"column":6},"end":{"line":45,"column":36}},"type":"binary-expr","locations":[{"start":{"line":45,"column":6},"end":{"line":45,"column":36}},{"start":{"line":45,"column":40},"end":{"line":45,"column":75}}]},"8":{"loc":{"start":{"line":50,"column":10},"end":{"line":50,"column":16}},"type":"cond-expr","locations":[{"start":{"line":50,"column":10},"end":{"line":50,"column":16}},{"start":{"line":51,"column":10},"end":{"line":51,"column":17}}]},"9":{"loc":{"start":{"line":49,"column":6},"end":{"line":49,"column":35}},"type":"binary-expr","locations":[{"start":{"line":49,"column":6},"end":{"line":49,"column":35}},{"start":{"line":49,"column":39},"end":{"line":49,"column":73}}]},"10":{"loc":{"start":{"line":54,"column":10},"end":{"line":54,"column":16}},"type":"cond-expr","locations":[{"start":{"line":54,"column":10},"end":{"line":54,"column":16}},{"start":{"line":55,"column":10},"end":{"line":55,"column":17}}]},"11":{"loc":{"start":{"line":53,"column":6},"end":{"line":53,"column":36}},"type":"binary-expr","locations":[{"start":{"line":53,"column":6},"end":{"line":53,"column":36}},{"start":{"line":53,"column":40},"end":{"line":53,"column":75}}]},"12":{"loc":{"start":{"line":58,"column":10},"end":{"line":58,"column":16}},"type":"cond-expr","locations":[{"start":{"line":58,"column":10},"end":{"line":58,"column":16}},{"start":{"line":59,"column":10},"end":{"line":59,"column":17}}]},"13":{"loc":{"start":{"line":57,"column":6},"end":{"line":57,"column":36}},"type":"binary-expr","locations":[{"start":{"line":57,"column":6},"end":{"line":57,"column":36}},{"start":{"line":57,"column":40},"end":{"line":57,"column":66}}]}},"s":{"0":1,"1":1,"2":1,"3":1,"4":1,"5":1,"6":1,"7":1,"8":0,"9":1,"10":0,"11":1,"12":1,"13":1,"14":1,"15":1,"16":1,"17":1,"18":0,"19":1,"20":1,"21":1,"22":1,"23":0,"24":0,"25":0,"26":1,"27":1,"28":1,"29":1,"30":1,"31":1,"32":1,"33":1},"f":{"0":1,"1":1,"2":1},"b":{"0":[0,1],"1":[0,1],"2":[1,0],"3":[1,0],"4":[0,1],"5":[1,0],"6":[1,0],"7":[1,0],"8":[1,0],"9":[1,0],"10":[1,0],"11":[1,0],"12":[1,0],"13":[1,0]}}
,"/Users/jeffhampton/dev/autodiscover-cloudflare-worker/src/settings.ts": {"path":"/Users/jeffhampton/dev/autodiscover-cloudflare-worker/src/settings.ts","statementMap":{"0":{"start":{"line":1,"column":0},"end":{"line":45,"column":null}}},"fnMap":{},"branchMap":{},"s":{"0":1},"f":{},"b":{}}
,"/Users/jeffhampton/dev/autodiscover-cloudflare-worker/src/types/globals.d.ts": {"path":"/Users/jeffhampton/dev/autodiscover-cloudflare-worker/src/types/globals.d.ts","statementMap":{},"fnMap":{},"branchMap":{},"s":{},"f":{},"b":{},"inputSourceMap":null}
,"/Users/jeffhampton/dev/autodiscover-cloudflare-worker/src/types/request-custom.d.ts": {"path":"/Users/jeffhampton/dev/autodiscover-cloudflare-worker/src/types/request-custom.d.ts","statementMap":{},"fnMap":{},"branchMap":{},"s":{},"f":{},"b":{},"inputSourceMap":null}
,"/Users/jeffhampton/dev/autodiscover-cloudflare-worker/src/types/swig.d.ts": {"path":"/Users/jeffhampton/dev/autodiscover-cloudflare-worker/src/types/swig.d.ts","statementMap":{},"fnMap":{},"branchMap":{},"s":{},"f":{},"b":{},"inputSourceMap":null}
,"/Users/jeffhampton/dev/autodiscover-cloudflare-worker/src/utils/xml2js-parser.ts": {"path":"/Users/jeffhampton/dev/autodiscover-cloudflare-worker/src/utils/xml2js-parser.ts","statementMap":{"0":{"start":{"line":1,"column":0},"end":{"line":1,"column":31}},"1":{"start":{"line":3,"column":21},"end":{"line":3,"column":57}},"2":{"start":{"line":5,"column":0},"end":{"line":5,"column":null}}},"fnMap":{},"branchMap":{},"s":{"0":2,"1":2,"2":2},"f":{},"b":{}}
,"/Users/jeffhampton/dev/autodiscover-cloudflare-worker/src/utils/xmlBodyParser.ts": {"path":"/Users/jeffhampton/dev/autodiscover-cloudflare-worker/src/utils/xmlBodyParser.ts","statementMap":{"0":{"start":{"line":1,"column":0},"end":{"line":1,"column":43}},"1":{"start":{"line":3,"column":0},"end":{"line":14,"column":null}},"2":{"start":{"line":4,"column":2},"end":{"line":14,"column":3}},"3":{"start":{"line":5,"column":4},"end":{"line":11,"column":null}},"4":{"start":{"line":6,"column":6},"end":{"line":6,"column":null}},"5":{"start":{"line":8,"column":6},"end":{"line":10,"column":null}},"6":{"start":{"line":13,"column":4},"end":{"line":13,"column":null}}},"fnMap":{"0":{"name":"(anonymous_1)","decl":{"start":{"line":3,"column":15},"end":{"line":3,"column":16}},"loc":{"start":{"line":4,"column":2},"end":{"line":14,"column":3}}},"1":{"name":"(anonymous_2)","decl":{"start":{"line":4,"column":2},"end":{"line":4,"column":7}},"loc":{"start":{"line":4,"column":44},"end":{"line":14,"column":3}}}},"branchMap":{},"s":{"0":1,"1":1,"2":1,"3":12,"4":12,"5":0,"6":12},"f":{"0":1,"1":12},"b":{}}
,"/Users/jeffhampton/dev/autodiscover-cloudflare-worker/src/views/autoconfig.xml.ts": {"path":"/Users/jeffhampton/dev/autodiscover-cloudflare-worker/src/views/autoconfig.xml.ts","statementMap":{"0":{"start":{"line":1,"column":0},"end":{"line":47,"column":null}}},"fnMap":{},"branchMap":{},"s":{"0":1},"f":{},"b":{}}
,"/Users/jeffhampton/dev/autodiscover-cloudflare-worker/src/views/autodiscover.xml.ts": {"path":"/Users/jeffhampton/dev/autodiscover-cloudflare-worker/src/views/autodiscover.xml.ts","statementMap":{"0":{"start":{"line":2,"column":0},"end":{"line":99,"column":null}}},"fnMap":{},"branchMap":{},"s":{"0":1},"f":{},"b":{}}
,"/Users/jeffhampton/dev/autodiscover-cloudflare-worker/src/views/index.html.ts": {"path":"/Users/jeffhampton/dev/autodiscover-cloudflare-worker/src/views/index.html.ts","statementMap":{"0":{"start":{"line":1,"column":0},"end":{"line":517,"column":null}}},"fnMap":{},"branchMap":{},"s":{"0":0},"f":{},"b":{}}
,"/Users/jeffhampton/dev/autodiscover-cloudflare-worker/src/views/mobileconfig.xml.ts": {"path":"/Users/jeffhampton/dev/autodiscover-cloudflare-worker/src/views/mobileconfig.xml.ts","statementMap":{"0":{"start":{"line":2,"column":0},"end":{"line":118,"column":null}}},"fnMap":{},"branchMap":{},"s":{"0":1},"f":{},"b":{}}
}
