TN:
SF:src/autoconfig.ts
FN:6,(anonymous_1)
FN:6,(anonymous_2)
FNF:2
FNH:2
FNDA:1,(anonymous_1)
FNDA:1,(anonymous_2)
DA:2,1
DA:3,1
DA:6,1
DA:7,1
DA:8,1
DA:12,1
LF:6
LH:6
BRF:0
BRH:0
end_of_record
TN:
SF:src/autodiscover.ts
FN:6,(anonymous_1)
FN:7,(anonymous_2)
FNF:2
FNH:2
FNDA:1,(anonymous_1)
FNDA:12,(anonymous_2)
DA:2,1
DA:3,1
DA:6,1
DA:7,1
DA:8,12
DA:12,12
DA:16,12
DA:17,0
DA:18,0
DA:19,0
DA:20,12
DA:21,12
DA:22,12
DA:24,0
DA:25,0
DA:26,0
DA:30,12
DA:32,12
DA:34,12
DA:36,12
DA:37,12
DA:47,12
DA:49,12
LF:23
LH:17
BRDA:10,0,0,4
BRDA:10,0,1,8
BRDA:16,1,0,0
BRDA:16,1,1,12
BRDA:20,2,0,12
BRDA:20,2,1,0
BRDA:30,3,0,0
BRDA:30,3,1,12
BRDA:32,4,0,0
BRDA:32,4,1,12
BRDA:34,5,0,0
BRDA:34,5,1,12
BRF:12
BRH:7
end_of_record
TN:
SF:src/handler.ts
FN:25,(anonymous_1)
FNF:1
FNH:1
FNDA:15,(anonymous_1)
DA:1,1
DA:2,1
DA:3,1
DA:4,1
DA:5,1
DA:6,1
DA:8,1
DA:11,1
DA:14,1
DA:15,1
DA:16,1
DA:17,1
DA:20,1
DA:23,1
DA:25,1
DA:26,15
DA:27,15
DA:28,15
DA:29,14
DA:31,1
LF:20
LH:20
BRDA:28,0,0,14
BRDA:28,0,1,1
BRF:2
BRH:2
end_of_record
TN:
SF:src/index.ts
FN:4,(anonymous_1)
FNF:1
FNH:0
FNDA:0,(anonymous_1)
DA:1,0
DA:4,0
DA:5,0
LF:3
LH:0
BRF:0
BRH:0
end_of_record
TN:
SF:src/mobileconfig.ts
FN:6,(anonymous_1)
FN:22,(anonymous_2)
FN:23,(anonymous_3)
FNF:3
FNH:3
FNDA:1,(anonymous_1)
FNDA:1,(anonymous_2)
FNDA:1,(anonymous_3)
DA:2,1
DA:3,1
DA:6,1
DA:7,1
DA:8,1
DA:9,1
DA:10,1
DA:12,1
DA:13,1
DA:14,1
DA:15,1
DA:18,1
DA:22,1
DA:23,1
DA:24,1
DA:27,1
DA:28,0
DA:32,1
DA:33,1
DA:34,1
DA:35,1
DA:37,0
DA:38,0
DA:39,0
DA:42,1
DA:45,1
DA:49,1
DA:53,1
DA:57,1
DA:61,1
DA:62,1
DA:73,1
LF:32
LH:28
BRDA:12,0,0,0
BRDA:12,0,1,1
BRDA:13,1,0,0
BRDA:13,1,1,1
BRDA:14,2,0,1
BRDA:14,2,1,0
BRDA:24,3,0,1
BRDA:24,3,1,0
BRDA:27,4,0,0
BRDA:27,4,1,1
BRDA:32,5,0,1
BRDA:32,5,1,0
BRDA:46,6,0,1
BRDA:46,6,1,0
BRDA:45,7,0,1
BRDA:45,7,1,0
BRDA:50,8,0,1
BRDA:50,8,1,0
BRDA:49,9,0,1
BRDA:49,9,1,0
BRDA:54,10,0,1
BRDA:54,10,1,0
BRDA:53,11,0,1
BRDA:53,11,1,0
BRDA:58,12,0,1
BRDA:58,12,1,0
BRDA:57,13,0,1
BRDA:57,13,1,0
BRF:28
BRH:14
end_of_record
TN:
SF:src/settings.ts
FNF:0
FNH:0
DA:1,1
LF:1
LH:1
BRF:0
BRH:0
end_of_record
TN:
SF:src/types/globals.d.ts
FNF:0
FNH:0
LF:0
LH:0
BRF:0
BRH:0
end_of_record
TN:
SF:src/types/request-custom.d.ts
FNF:0
FNH:0
LF:0
LH:0
BRF:0
BRH:0
end_of_record
TN:
SF:src/types/swig.d.ts
FNF:0
FNH:0
LF:0
LH:0
BRF:0
BRH:0
end_of_record
TN:
SF:src/utils/xml2js-parser.ts
FNF:0
FNH:0
DA:1,2
DA:3,2
DA:5,2
LF:3
LH:3
BRF:0
BRH:0
end_of_record
TN:
SF:src/utils/xmlBodyParser.ts
FN:3,(anonymous_1)
FN:4,(anonymous_2)
FNF:2
FNH:2
FNDA:1,(anonymous_1)
FNDA:12,(anonymous_2)
DA:1,1
DA:3,1
DA:4,1
DA:5,12
DA:6,12
DA:8,0
DA:13,12
LF:7
LH:6
BRF:0
BRH:0
end_of_record
TN:
SF:src/views/autoconfig.xml.ts
FNF:0
FNH:0
DA:1,1
LF:1
LH:1
BRF:0
BRH:0
end_of_record
TN:
SF:src/views/autodiscover.xml.ts
FNF:0
FNH:0
DA:2,1
LF:1
LH:1
BRF:0
BRH:0
end_of_record
TN:
SF:src/views/index.html.ts
FNF:0
FNH:0
DA:1,0
LF:1
LH:0
BRF:0
BRH:0
end_of_record
TN:
SF:src/views/mobileconfig.xml.ts
FNF:0
FNH:0
DA:2,1
LF:1
LH:1
BRF:0
BRH:0
end_of_record
